<?xml version="1.0" encoding="UTF-8"?>
<testsuite xmlns:xsi="http://www.w3.org/2001/XMLSchema-instance" xsi:noNamespaceSchemaLocation="https://maven.apache.org/surefire/maven-surefire-plugin/xsd/surefire-test-report-3.0.xsd" version="3.0" name="com.example.processador.ProcessadorDeContasTest" time="0.031" tests="7" errors="0" skipped="0" failures="0">
  <properties>
[...]
</properties>
  <testcase name="testPagamentoBoletoForaDoLimite" classname="com.example.processador.ProcessadorDeContasTest" time="0.003"/>
  <testcase name="testConta" classname="com.example.processador.ProcessadorDeContasTest" time="0.002"/>
  <testcase name="testPagamentoBoletoComAtraso" classname="com.example.processador.ProcessadorDeContasTest" time="0.003"/>
  <testcase name="testFaturaPendenteComCartaoDeCreditoAtrasado" classname="com.example.processador.ProcessadorDeContasTest" time="0.002"/>
  <testcase name="testFaturaPagaComContasPagasEmDiaPorBoleto" classname="com.example.processador.ProcessadorDeContasTest" time="0.002"/>
  <testcase name="testFaturaPagaComCartaoDeCreditoETransferencia" classname="com.example.processador.ProcessadorDeContasTest" time="0.002">
    <system-out><![CDATA[PAGA
]]></system-out>
  </testcase>
  <testcase name="testFatura" classname="com.example.processador.ProcessadorDeContasTest" time="0.002"/>
</testsuite>